
Filename:          C:/LISEcute/_install/lisecfg/lise2016.dbf
Header length:     737
Number of fields:  22
Version:           dBASE III
Updated:           01/21/21
Number of records: 3367
Record length:     211


        FILE STRUCTURE

  # FIELD NAME TYPE  LEN   DEC
--------------------------------
  1 INDEX        N    8     0
  2 A            N    7     0
  3 EL           C    5     0
  4 Z            N    6     0
  5 MASS_EXCES   C   13     0
  6 BINDING_EN   C   14     0
  7 BETA-DECAY   C   10     0
  8 S(2N)        C   10     0
  9 S(2P)        C   10     0
 10 Q(A)         C   10     0
 11 S(N)         C   10     0
 12 S(P)         C   10     0
 13 T1_2         C    9     0
 14 TIME14       C    9     0
 15 D_T12        C    9     0
 16 D_BE         C   10     0
 17 D_BETA       C   10     0
 18 D_S(2N)      C   10     0
 19 D_S(2P)      C   10     0
 20 D_Q(A)       C   10     0
 21 D_S(N)       C   10     0
 22 D_S(P)       C   10     0
