c:\LISEcute\_install\CrossSections\19O_gs.txt
c:\LISEcute\_install\CrossSections\19O_isotropic.txt
c:\LISEcute\_install\CrossSections\19O_L0.96.txt
c:\LISEcute\_install\CrossSections\a.lst
c:\LISEcute\_install\CrossSections\ExcitationFunctions
c:\LISEcute\_install\CrossSections\PublishedData
c:\LISEcute\_install\CrossSections\ExcitationFunctions\48Ca242Pu
c:\LISEcute\_install\CrossSections\ExcitationFunctions\48Ca242Pu\286B4.exfunc
c:\LISEcute\_install\CrossSections\ExcitationFunctions\48Ca242Pu\286B5.exfunc
c:\LISEcute\_install\CrossSections\ExcitationFunctions\48Ca242Pu\287B4.exfunc
c:\LISEcute\_install\CrossSections\ExcitationFunctions\48Ca242Pu\288B4.exfunc
c:\LISEcute\_install\CrossSections\ExcitationFunctions\48Ca242Pu\289B4.exfunc
c:\LISEcute\_install\CrossSections\PublishedData\129Xe_Al_790AMeV.cs
c:\LISEcute\_install\CrossSections\PublishedData\136Xe_Al_760AMeV.cs
c:\LISEcute\_install\CrossSections\PublishedData\208Pb
c:\LISEcute\_install\CrossSections\PublishedData\238U
c:\LISEcute\_install\CrossSections\PublishedData\40Ar_Be_1AGeV.cs
c:\LISEcute\_install\CrossSections\PublishedData\40Ar_C_240AMeV.cs
c:\LISEcute\_install\CrossSections\PublishedData\48Ca_Ta_90AMeV.cs
c:\LISEcute\_install\CrossSections\PublishedData\58Ni_Be_650AMeV.cs
c:\LISEcute\_install\CrossSections\PublishedData\78Kr_Ni_75AMeV.cs
c:\LISEcute\_install\CrossSections\PublishedData\82Se_Be_140AMeV.cs
c:\LISEcute\_install\CrossSections\PublishedData\82Se_W_140AMeV.cs
c:\LISEcute\_install\CrossSections\PublishedData\86Kr_Al_70AMeV.cs
c:\LISEcute\_install\CrossSections\PublishedData\208Pb\208Pb_1H_1AGeV_evap.cs
c:\LISEcute\_install\CrossSections\PublishedData\208Pb\208Pb_1H_1AGeV_fission.cs
c:\LISEcute\_install\CrossSections\PublishedData\208Pb\208Pb_2H_1AGeV_evap.cs
c:\LISEcute\_install\CrossSections\PublishedData\208Pb\208Pb_2H_1AGeV_fission.cs
c:\LISEcute\_install\CrossSections\PublishedData\238U\238U_Be_750AMeV_fission.cs
c:\LISEcute\_install\CrossSections\PublishedData\238U\238U_d_1AGeV_fission.cs
c:\LISEcute\_install\CrossSections\PublishedData\238U\238U_d_1AGeV_fragmentation.cs
c:\LISEcute\_install\CrossSections\PublishedData\238U\238U_Pb_1AGeV_fission.cs
c:\LISEcute\_install\CrossSections\PublishedData\238U\238U_Pb_1AGeV_fragmentation.cs
c:\LISEcute\_install\CrossSections\PublishedData\238U\238U_p_1AGeV_fission.cs
c:\LISEcute\_install\CrossSections\PublishedData\238U\238U_p_1AGeV_spallation.cs
c:\LISEcute\_install\CrossSections\PublishedData\238U\238U_p_1AGeV_spallation_LISE.cs2
